2024-08-22 12:57:35 [http-nio-8080-exec-6] INFO  com.wavemaker.employee.service.impl.EmployeeServiceImpl - Initializing EmployeeServiceImpl with option: 3
2024-08-22 12:57:35 [http-nio-8080-exec-6] INFO  com.wavemaker.employee.service.impl.AddressServiceImpl - Initializing AddressServiceImpl with option: 3
2024-08-22 12:57:35 [http-nio-8080-exec-6] INFO  com.wavemaker.employee.controller.EmployeeServlet - Created EmployeeService and AddressService instances.
2024-08-22 12:57:35 [http-nio-8080-exec-6] INFO  com.wavemaker.employee.controller.EmployeeServlet - action is performed 
2024-08-22 13:00:07 [http-nio-8080-exec-6] INFO  com.wavemaker.employee.service.impl.EmployeeServiceImpl - Initializing EmployeeServiceImpl with option: 3
2024-08-22 13:00:07 [http-nio-8080-exec-6] INFO  com.wavemaker.employee.service.impl.AddressServiceImpl - Initializing AddressServiceImpl with option: 3
2024-08-22 13:00:07 [http-nio-8080-exec-6] INFO  com.wavemaker.employee.controller.EmployeeServlet - Created EmployeeService and AddressService instances.
2024-08-22 13:01:26 [http-nio-8080-exec-9] INFO  com.wavemaker.employee.service.impl.EmployeeServiceImpl - Fetching employee with ID: 3
2024-08-22 13:01:28 [http-nio-8080-exec-9] WARN  com.wavemaker.employee.service.impl.EmployeeServiceImpl - No address found for employee ID: 3
2024-08-22 13:02:06 [http-nio-8080-exec-1] INFO  com.wavemaker.employee.service.impl.EmployeeServiceImpl - Fetching all employees
2024-08-22 13:02:06 [http-nio-8080-exec-1] WARN  com.wavemaker.employee.service.impl.EmployeeServiceImpl - No address found for employee ID: 3
2024-08-22 13:02:06 [http-nio-8080-exec-1] INFO  com.wavemaker.employee.service.impl.EmployeeServiceImpl - Address found and set for employee ID: 7
2024-08-22 13:02:07 [http-nio-8080-exec-1] WARN  com.wavemaker.employee.service.impl.EmployeeServiceImpl - No address found for employee ID: 9
2024-08-22 13:02:07 [http-nio-8080-exec-1] INFO  com.wavemaker.employee.service.impl.EmployeeServiceImpl - Address found and set for employee ID: 10
2024-08-22 13:02:07 [http-nio-8080-exec-1] INFO  com.wavemaker.employee.service.impl.EmployeeServiceImpl - Address found and set for employee ID: 11
2024-08-22 13:02:07 [http-nio-8080-exec-1] INFO  com.wavemaker.employee.service.impl.EmployeeServiceImpl - Address found and set for employee ID: 13
2024-08-22 13:02:07 [http-nio-8080-exec-1] INFO  com.wavemaker.employee.service.impl.EmployeeServiceImpl - Address found and set for employee ID: 15
2024-08-22 13:02:07 [http-nio-8080-exec-1] WARN  com.wavemaker.employee.service.impl.EmployeeServiceImpl - No address found for employee ID: 16
2024-08-22 13:03:24 [http-nio-8080-exec-5] INFO  com.wavemaker.employee.service.impl.EmployeeServiceImpl - Fetching employee with ID: 3
2024-08-22 13:03:24 [http-nio-8080-exec-5] WARN  com.wavemaker.employee.service.impl.EmployeeServiceImpl - No address found for employee ID: 3
2024-08-22 13:04:07 [http-nio-8080-exec-10] INFO  com.wavemaker.employee.service.impl.EmployeeServiceImpl - Fetching all employees
2024-08-22 13:04:07 [http-nio-8080-exec-10] WARN  com.wavemaker.employee.service.impl.EmployeeServiceImpl - No address found for employee ID: 3
2024-08-22 13:04:07 [http-nio-8080-exec-10] INFO  com.wavemaker.employee.service.impl.EmployeeServiceImpl - Address found and set for employee ID: 7
2024-08-22 13:04:07 [http-nio-8080-exec-10] WARN  com.wavemaker.employee.service.impl.EmployeeServiceImpl - No address found for employee ID: 9
2024-08-22 13:04:07 [http-nio-8080-exec-10] INFO  com.wavemaker.employee.service.impl.EmployeeServiceImpl - Address found and set for employee ID: 10
2024-08-22 13:04:07 [http-nio-8080-exec-10] INFO  com.wavemaker.employee.service.impl.EmployeeServiceImpl - Address found and set for employee ID: 11
2024-08-22 13:04:07 [http-nio-8080-exec-10] INFO  com.wavemaker.employee.service.impl.EmployeeServiceImpl - Address found and set for employee ID: 13
2024-08-22 13:04:07 [http-nio-8080-exec-10] INFO  com.wavemaker.employee.service.impl.EmployeeServiceImpl - Address found and set for employee ID: 15
2024-08-22 13:04:07 [http-nio-8080-exec-10] WARN  com.wavemaker.employee.service.impl.EmployeeServiceImpl - No address found for employee ID: 16
2024-08-22 13:04:33 [http-nio-8080-exec-1] INFO  com.wavemaker.employee.service.impl.EmployeeServiceImpl - Fetching employee with email: roopa@gmail.com

2024-08-22 13:04:33 [http-nio-8080-exec-1] WARN  com.wavemaker.employee.service.impl.EmployeeServiceImpl - No employee found with email: roopa@gmail.com

2024-08-22 13:04:59 [http-nio-8080-exec-1] INFO  com.wavemaker.employee.service.impl.EmployeeServiceImpl - Initializing EmployeeServiceImpl with option: 3
2024-08-22 13:04:59 [http-nio-8080-exec-1] INFO  com.wavemaker.employee.service.impl.AddressServiceImpl - Initializing AddressServiceImpl with option: 3
2024-08-22 13:04:59 [http-nio-8080-exec-1] INFO  com.wavemaker.employee.controller.EmployeeServlet - Created EmployeeService and AddressService instances.
2024-08-22 13:04:59 [http-nio-8080-exec-1] INFO  com.wavemaker.employee.service.impl.EmployeeServiceImpl - Fetching employee with email: roopa@gmail.com

2024-08-22 13:05:01 [http-nio-8080-exec-1] WARN  com.wavemaker.employee.service.impl.EmployeeServiceImpl - No employee found with email: roopa@gmail.com

2024-08-22 13:05:26 [http-nio-8080-exec-5] INFO  com.wavemaker.employee.service.impl.EmployeeServiceImpl - Fetching employee with email: ashwini@gmail.com

2024-08-22 13:05:26 [http-nio-8080-exec-5] WARN  com.wavemaker.employee.service.impl.EmployeeServiceImpl - No employee found with email: ashwini@gmail.com

2024-08-22 13:06:37 [http-nio-8080-exec-8] INFO  com.wavemaker.employee.service.impl.EmployeeServiceImpl - Fetching employee with email: ashwini@gmail.com

2024-08-22 13:06:37 [http-nio-8080-exec-8] WARN  com.wavemaker.employee.service.impl.EmployeeServiceImpl - No employee found with email: ashwini@gmail.com

2024-08-22 13:07:48 [http-nio-8080-exec-2] INFO  com.wavemaker.employee.service.impl.EmployeeServiceImpl - Fetching employee with email: ashwini@gmail.com

2024-08-22 13:07:48 [http-nio-8080-exec-2] WARN  com.wavemaker.employee.service.impl.EmployeeServiceImpl - No employee found with email: ashwini@gmail.com

2024-08-22 13:38:37 [http-nio-8080-exec-4] INFO  com.wavemaker.employee.service.impl.EmployeeServiceImpl - Fetching employee with email: kushul@gmail.com

2024-08-22 13:38:37 [http-nio-8080-exec-4] WARN  com.wavemaker.employee.service.impl.EmployeeServiceImpl - No employee found with email: kushul@gmail.com

2024-08-22 13:44:26 [http-nio-8080-exec-5] INFO  com.wavemaker.employee.service.impl.EmployeeServiceImpl - Initializing EmployeeServiceImpl with option: 3
2024-08-22 13:44:27 [http-nio-8080-exec-5] INFO  com.wavemaker.employee.service.impl.AddressServiceImpl - Initializing AddressServiceImpl with option: 3
2024-08-22 13:44:27 [http-nio-8080-exec-5] INFO  com.wavemaker.employee.controller.EmployeeServlet - Created EmployeeService and AddressService instances.
2024-08-22 13:44:27 [http-nio-8080-exec-5] INFO  com.wavemaker.employee.service.impl.EmployeeServiceImpl - Fetching employee with ID: 3
2024-08-22 13:44:28 [http-nio-8080-exec-5] WARN  com.wavemaker.employee.service.impl.EmployeeServiceImpl - No address found for employee ID: 3
2024-08-22 13:44:34 [http-nio-8080-exec-1] INFO  com.wavemaker.employee.service.impl.EmployeeServiceImpl - Fetching employee with email: roopa@gmail.com

2024-08-22 13:44:34 [http-nio-8080-exec-1] WARN  com.wavemaker.employee.service.impl.EmployeeServiceImpl - No employee found with email: roopa@gmail.com

2024-08-22 13:47:50 [http-nio-8080-exec-13] INFO  com.wavemaker.employee.service.impl.EmployeeServiceImpl - Fetching employee with email: ramesh@gmail.com

2024-08-22 13:47:50 [http-nio-8080-exec-13] WARN  com.wavemaker.employee.service.impl.EmployeeServiceImpl - No employee found with email: ramesh@gmail.com

2024-08-22 13:50:18 [http-nio-8080-exec-12] INFO  com.wavemaker.employee.service.impl.EmployeeServiceImpl - Employee added successfully: 17
2024-08-22 13:52:13 [http-nio-8080-exec-17] INFO  com.wavemaker.employee.service.impl.EmployeeServiceImpl - Fetching employee with ID: 13
2024-08-22 13:52:13 [http-nio-8080-exec-17] INFO  com.wavemaker.employee.service.impl.EmployeeServiceImpl - Address found and set for employee ID: 13
2024-08-22 13:52:13 [http-nio-8080-exec-17] INFO  com.wavemaker.employee.service.impl.EmployeeServiceImpl - Deleting employee: com.wavemaker.employee.model.Employee@b47f1c
2024-08-22 13:52:13 [http-nio-8080-exec-17] ERROR com.wavemaker.employee.repository.Impl.EmployeeRepositoryInDbImpl - Error deleting employee
java.sql.SQLIntegrityConstraintViolationException: Cannot delete or update a parent row: a foreign key constraint fails (`employeedatabase`.`address`, CONSTRAINT `address_ibfk_1` FOREIGN KEY (`EMP_ID`) REFERENCES `employee` (`EMP_ID`))
	at com.mysql.cj.jdbc.exceptions.SQLError.createSQLException(SQLError.java:109) ~[mysql-connector-j-9.0.0.jar:9.0.0]
	at com.mysql.cj.jdbc.exceptions.SQLExceptionsMapping.translateException(SQLExceptionsMapping.java:114) ~[mysql-connector-j-9.0.0.jar:9.0.0]
	at com.mysql.cj.jdbc.ClientPreparedStatement.executeInternal(ClientPreparedStatement.java:987) ~[mysql-connector-j-9.0.0.jar:9.0.0]
	at com.mysql.cj.jdbc.ClientPreparedStatement.executeUpdateInternal(ClientPreparedStatement.java:1165) ~[mysql-connector-j-9.0.0.jar:9.0.0]
	at com.mysql.cj.jdbc.ClientPreparedStatement.executeUpdateInternal(ClientPreparedStatement.java:1100) ~[mysql-connector-j-9.0.0.jar:9.0.0]
	at com.mysql.cj.jdbc.ClientPreparedStatement.executeLargeUpdate(ClientPreparedStatement.java:1466) ~[mysql-connector-j-9.0.0.jar:9.0.0]
	at com.mysql.cj.jdbc.ClientPreparedStatement.executeUpdate(ClientPreparedStatement.java:1083) ~[mysql-connector-j-9.0.0.jar:9.0.0]
	at com.wavemaker.employee.repository.Impl.EmployeeRepositoryInDbImpl.deleteEmployeeByEmpId(EmployeeRepositoryInDbImpl.java:110) ~[classes/:?]
	at com.wavemaker.employee.service.impl.EmployeeServiceImpl.deleteEmployeeByEmpId(EmployeeServiceImpl.java:95) ~[classes/:?]
	at com.wavemaker.employee.controller.EmployeeServlet.doDelete(EmployeeServlet.java:72) ~[classes/:?]
	at jakarta.servlet.http.HttpServlet.service(HttpServlet.java:596) ~[servlet-api.jar:6.0]
	at jakarta.servlet.http.HttpServlet.service(HttpServlet.java:658) ~[servlet-api.jar:6.0]
	at org.apache.catalina.core.ApplicationFilterChain.internalDoFilter(ApplicationFilterChain.java:195) ~[catalina.jar:10.1.28]
	at org.apache.catalina.core.ApplicationFilterChain.doFilter(ApplicationFilterChain.java:140) ~[catalina.jar:10.1.28]
	at org.apache.tomcat.websocket.server.WsFilter.doFilter(WsFilter.java:51) ~[tomcat-websocket.jar:10.1.28]
	at org.apache.catalina.core.ApplicationFilterChain.internalDoFilter(ApplicationFilterChain.java:164) ~[catalina.jar:10.1.28]
	at org.apache.catalina.core.ApplicationFilterChain.doFilter(ApplicationFilterChain.java:140) ~[catalina.jar:10.1.28]
	at org.apache.catalina.core.StandardWrapperValve.invoke(StandardWrapperValve.java:167) ~[catalina.jar:10.1.28]
	at org.apache.catalina.core.StandardContextValve.invoke(StandardContextValve.java:90) ~[catalina.jar:10.1.28]
	at org.apache.catalina.authenticator.AuthenticatorBase.invoke(AuthenticatorBase.java:483) ~[catalina.jar:10.1.28]
	at org.apache.catalina.core.StandardHostValve.invoke(StandardHostValve.java:115) ~[catalina.jar:10.1.28]
	at org.apache.catalina.valves.ErrorReportValve.invoke(ErrorReportValve.java:93) ~[catalina.jar:10.1.28]
	at org.apache.catalina.valves.AbstractAccessLogValve.invoke(AbstractAccessLogValve.java:663) ~[catalina.jar:10.1.28]
	at org.apache.catalina.core.StandardEngineValve.invoke(StandardEngineValve.java:74) ~[catalina.jar:10.1.28]
	at org.apache.catalina.connector.CoyoteAdapter.service(CoyoteAdapter.java:344) ~[catalina.jar:10.1.28]
	at org.apache.coyote.http11.Http11Processor.service(Http11Processor.java:384) ~[tomcat-coyote.jar:10.1.28]
	at org.apache.coyote.AbstractProcessorLight.process(AbstractProcessorLight.java:63) ~[tomcat-coyote.jar:10.1.28]
	at org.apache.coyote.AbstractProtocol$ConnectionHandler.process(AbstractProtocol.java:904) ~[tomcat-coyote.jar:10.1.28]
	at org.apache.tomcat.util.net.NioEndpoint$SocketProcessor.doRun(NioEndpoint.java:1741) ~[tomcat-coyote.jar:10.1.28]
	at org.apache.tomcat.util.net.SocketProcessorBase.run(SocketProcessorBase.java:52) ~[tomcat-coyote.jar:10.1.28]
	at org.apache.tomcat.util.threads.ThreadPoolExecutor.runWorker(ThreadPoolExecutor.java:1190) ~[tomcat-util.jar:10.1.28]
	at org.apache.tomcat.util.threads.ThreadPoolExecutor$Worker.run(ThreadPoolExecutor.java:659) ~[tomcat-util.jar:10.1.28]
	at org.apache.tomcat.util.threads.TaskThread$WrappingRunnable.run(TaskThread.java:63) ~[tomcat-util.jar:10.1.28]
	at java.base/java.lang.Thread.run(Thread.java:1583) [?:?]
2024-08-22 13:52:13 [http-nio-8080-exec-17] INFO  com.wavemaker.employee.service.impl.EmployeeServiceImpl - Employee deleted successfully: false
2024-08-22 13:53:26 [http-nio-8080-exec-18] INFO  com.wavemaker.employee.service.impl.EmployeeServiceImpl - Fetching employee with ID: 13
2024-08-22 13:53:26 [http-nio-8080-exec-18] INFO  com.wavemaker.employee.service.impl.EmployeeServiceImpl - Address found and set for employee ID: 13
2024-08-22 13:53:26 [http-nio-8080-exec-18] INFO  com.wavemaker.employee.service.impl.EmployeeServiceImpl - Deleting employee: com.wavemaker.employee.model.Employee@58164e2a
2024-08-22 13:53:26 [http-nio-8080-exec-18] ERROR com.wavemaker.employee.repository.Impl.EmployeeRepositoryInDbImpl - Error deleting employee
java.sql.SQLIntegrityConstraintViolationException: Cannot delete or update a parent row: a foreign key constraint fails (`employeedatabase`.`address`, CONSTRAINT `address_ibfk_1` FOREIGN KEY (`EMP_ID`) REFERENCES `employee` (`EMP_ID`))
	at com.mysql.cj.jdbc.exceptions.SQLError.createSQLException(SQLError.java:109) ~[mysql-connector-j-9.0.0.jar:9.0.0]
	at com.mysql.cj.jdbc.exceptions.SQLExceptionsMapping.translateException(SQLExceptionsMapping.java:114) ~[mysql-connector-j-9.0.0.jar:9.0.0]
	at com.mysql.cj.jdbc.ClientPreparedStatement.executeInternal(ClientPreparedStatement.java:987) ~[mysql-connector-j-9.0.0.jar:9.0.0]
	at com.mysql.cj.jdbc.ClientPreparedStatement.executeUpdateInternal(ClientPreparedStatement.java:1165) ~[mysql-connector-j-9.0.0.jar:9.0.0]
	at com.mysql.cj.jdbc.ClientPreparedStatement.executeUpdateInternal(ClientPreparedStatement.java:1100) ~[mysql-connector-j-9.0.0.jar:9.0.0]
	at com.mysql.cj.jdbc.ClientPreparedStatement.executeLargeUpdate(ClientPreparedStatement.java:1466) ~[mysql-connector-j-9.0.0.jar:9.0.0]
	at com.mysql.cj.jdbc.ClientPreparedStatement.executeUpdate(ClientPreparedStatement.java:1083) ~[mysql-connector-j-9.0.0.jar:9.0.0]
	at com.wavemaker.employee.repository.Impl.EmployeeRepositoryInDbImpl.deleteEmployeeByEmpId(EmployeeRepositoryInDbImpl.java:110) ~[classes/:?]
	at com.wavemaker.employee.service.impl.EmployeeServiceImpl.deleteEmployeeByEmpId(EmployeeServiceImpl.java:95) ~[classes/:?]
	at com.wavemaker.employee.controller.EmployeeServlet.doDelete(EmployeeServlet.java:72) ~[classes/:?]
	at jakarta.servlet.http.HttpServlet.service(HttpServlet.java:596) ~[servlet-api.jar:6.0]
	at jakarta.servlet.http.HttpServlet.service(HttpServlet.java:658) ~[servlet-api.jar:6.0]
	at org.apache.catalina.core.ApplicationFilterChain.internalDoFilter(ApplicationFilterChain.java:195) ~[catalina.jar:10.1.28]
	at org.apache.catalina.core.ApplicationFilterChain.doFilter(ApplicationFilterChain.java:140) ~[catalina.jar:10.1.28]
	at org.apache.tomcat.websocket.server.WsFilter.doFilter(WsFilter.java:51) ~[tomcat-websocket.jar:10.1.28]
	at org.apache.catalina.core.ApplicationFilterChain.internalDoFilter(ApplicationFilterChain.java:164) ~[catalina.jar:10.1.28]
	at org.apache.catalina.core.ApplicationFilterChain.doFilter(ApplicationFilterChain.java:140) ~[catalina.jar:10.1.28]
	at org.apache.catalina.core.StandardWrapperValve.invoke(StandardWrapperValve.java:167) ~[catalina.jar:10.1.28]
	at org.apache.catalina.core.StandardContextValve.invoke(StandardContextValve.java:90) ~[catalina.jar:10.1.28]
	at org.apache.catalina.authenticator.AuthenticatorBase.invoke(AuthenticatorBase.java:483) ~[catalina.jar:10.1.28]
	at org.apache.catalina.core.StandardHostValve.invoke(StandardHostValve.java:115) ~[catalina.jar:10.1.28]
	at org.apache.catalina.valves.ErrorReportValve.invoke(ErrorReportValve.java:93) ~[catalina.jar:10.1.28]
	at org.apache.catalina.valves.AbstractAccessLogValve.invoke(AbstractAccessLogValve.java:663) ~[catalina.jar:10.1.28]
	at org.apache.catalina.core.StandardEngineValve.invoke(StandardEngineValve.java:74) ~[catalina.jar:10.1.28]
	at org.apache.catalina.connector.CoyoteAdapter.service(CoyoteAdapter.java:344) ~[catalina.jar:10.1.28]
	at org.apache.coyote.http11.Http11Processor.service(Http11Processor.java:384) ~[tomcat-coyote.jar:10.1.28]
	at org.apache.coyote.AbstractProcessorLight.process(AbstractProcessorLight.java:63) ~[tomcat-coyote.jar:10.1.28]
	at org.apache.coyote.AbstractProtocol$ConnectionHandler.process(AbstractProtocol.java:904) ~[tomcat-coyote.jar:10.1.28]
	at org.apache.tomcat.util.net.NioEndpoint$SocketProcessor.doRun(NioEndpoint.java:1741) ~[tomcat-coyote.jar:10.1.28]
	at org.apache.tomcat.util.net.SocketProcessorBase.run(SocketProcessorBase.java:52) ~[tomcat-coyote.jar:10.1.28]
	at org.apache.tomcat.util.threads.ThreadPoolExecutor.runWorker(ThreadPoolExecutor.java:1190) ~[tomcat-util.jar:10.1.28]
	at org.apache.tomcat.util.threads.ThreadPoolExecutor$Worker.run(ThreadPoolExecutor.java:659) ~[tomcat-util.jar:10.1.28]
	at org.apache.tomcat.util.threads.TaskThread$WrappingRunnable.run(TaskThread.java:63) ~[tomcat-util.jar:10.1.28]
	at java.base/java.lang.Thread.run(Thread.java:1583) [?:?]
2024-08-22 13:53:26 [http-nio-8080-exec-18] INFO  com.wavemaker.employee.service.impl.EmployeeServiceImpl - Employee deleted successfully: false
2024-08-22 13:53:45 [http-nio-8080-exec-19] INFO  com.wavemaker.employee.service.impl.EmployeeServiceImpl - Initializing EmployeeServiceImpl with option: 3
2024-08-22 13:53:45 [http-nio-8080-exec-19] INFO  com.wavemaker.employee.service.impl.AddressServiceImpl - Initializing AddressServiceImpl with option: 3
2024-08-22 13:53:45 [http-nio-8080-exec-19] INFO  com.wavemaker.employee.controller.AddressController - Created EmployeeService and AddressService instances.
2024-08-22 13:53:45 [http-nio-8080-exec-19] INFO  com.wavemaker.employee.service.impl.AddressServiceImpl - Fetching address for employee ID: 13
2024-08-22 13:53:45 [http-nio-8080-exec-19] INFO  com.wavemaker.employee.service.impl.AddressServiceImpl - Address found for employee ID: 13
2024-08-22 13:53:45 [http-nio-8080-exec-19] INFO  com.wavemaker.employee.service.impl.AddressServiceImpl - Deleting address for employee ID: 13
2024-08-22 13:53:45 [http-nio-8080-exec-19] INFO  com.wavemaker.employee.service.impl.AddressServiceImpl - Address deleted successfully for employee ID: 13
2024-08-22 13:53:55 [http-nio-8080-exec-20] INFO  com.wavemaker.employee.service.impl.AddressServiceImpl - Fetching address for employee ID: 13
2024-08-22 13:53:55 [http-nio-8080-exec-20] WARN  com.wavemaker.employee.service.impl.AddressServiceImpl - No address found for employee ID: 13
2024-08-22 13:54:05 [http-nio-8080-exec-15] INFO  com.wavemaker.employee.service.impl.EmployeeServiceImpl - Fetching employee with ID: 13
2024-08-22 13:54:05 [http-nio-8080-exec-15] WARN  com.wavemaker.employee.service.impl.EmployeeServiceImpl - No address found for employee ID: 13
2024-08-22 13:54:05 [http-nio-8080-exec-15] INFO  com.wavemaker.employee.service.impl.EmployeeServiceImpl - Deleting employee: com.wavemaker.employee.model.Employee@5c71bd9a
2024-08-22 13:54:05 [http-nio-8080-exec-15] INFO  com.wavemaker.employee.service.impl.EmployeeServiceImpl - Employee deleted successfully: true
2024-08-22 14:00:06 [http-nio-8080-exec-13] INFO  com.wavemaker.employee.service.impl.EmployeeServiceImpl - Initializing EmployeeServiceImpl with option: 3
2024-08-22 14:00:06 [http-nio-8080-exec-13] INFO  com.wavemaker.employee.service.impl.AddressServiceImpl - Initializing AddressServiceImpl with option: 3
2024-08-22 14:00:06 [http-nio-8080-exec-13] INFO  com.wavemaker.employee.controller.EmployeeServlet - Created EmployeeService and AddressService instances.
2024-08-22 14:00:06 [http-nio-8080-exec-13] INFO  com.wavemaker.employee.controller.EmployeeServlet - Received ID parameter: 10
2024-08-22 14:00:06 [http-nio-8080-exec-13] INFO  com.wavemaker.employee.service.impl.EmployeeServiceImpl - Fetching employee with ID: 10
2024-08-22 14:00:07 [http-nio-8080-exec-13] INFO  com.wavemaker.employee.service.impl.EmployeeServiceImpl - Address found and set for employee ID: 10
2024-08-22 14:00:07 [http-nio-8080-exec-13] INFO  com.wavemaker.employee.service.impl.AddressServiceImpl - Fetching address for employee ID: 10
2024-08-22 14:00:07 [http-nio-8080-exec-13] INFO  com.wavemaker.employee.service.impl.AddressServiceImpl - Address found for employee ID: 10
2024-08-22 14:00:07 [http-nio-8080-exec-13] INFO  com.wavemaker.employee.service.impl.EmployeeServiceImpl - Updating employee: com.wavemaker.employee.model.Employee@9f0f5e1
2024-08-22 14:00:07 [http-nio-8080-exec-13] INFO  com.wavemaker.employee.service.impl.EmployeeServiceImpl - Address updated for employee ID: 10
2024-08-22 14:00:07 [http-nio-8080-exec-13] INFO  com.wavemaker.employee.service.impl.EmployeeServiceImpl - Employee updated successfully: true
2024-08-22 14:01:21 [http-nio-8080-exec-23] INFO  com.wavemaker.employee.service.impl.EmployeeServiceImpl - Initializing EmployeeServiceImpl with option: 3
2024-08-22 14:01:21 [http-nio-8080-exec-23] INFO  com.wavemaker.employee.service.impl.AddressServiceImpl - Initializing AddressServiceImpl with option: 3
2024-08-22 14:01:21 [http-nio-8080-exec-23] INFO  com.wavemaker.employee.controller.AddressController - Created EmployeeService and AddressService instances.
2024-08-22 14:02:21 [http-nio-8080-exec-22] INFO  com.wavemaker.employee.service.impl.EmployeeServiceImpl - Fetching employee with email: roopa@gmail.com
2024-08-22 14:02:21 [http-nio-8080-exec-22] WARN  com.wavemaker.employee.service.impl.EmployeeServiceImpl - No address found for employee ID: 3
2024-08-22 14:05:47 [http-nio-8080-exec-28] INFO  com.wavemaker.employee.service.impl.EmployeeServiceImpl - Initializing EmployeeServiceImpl with option: 3
2024-08-22 14:05:47 [http-nio-8080-exec-28] INFO  com.wavemaker.employee.service.impl.AddressServiceImpl - Initializing AddressServiceImpl with option: 3
2024-08-22 14:05:47 [http-nio-8080-exec-28] INFO  com.wavemaker.employee.controller.AddressController - Created EmployeeService and AddressService instances.
2024-08-22 14:05:47 [http-nio-8080-exec-28] INFO  com.wavemaker.employee.service.impl.AddressServiceImpl - Fetching address for employee ID: 9
2024-08-22 14:05:48 [http-nio-8080-exec-28] WARN  com.wavemaker.employee.service.impl.AddressServiceImpl - No address found for employee ID: 9
2024-08-22 14:06:11 [http-nio-8080-exec-25] INFO  com.wavemaker.employee.service.impl.AddressServiceImpl - Fetching address for employee ID: 15
2024-08-22 14:06:11 [http-nio-8080-exec-25] INFO  com.wavemaker.employee.service.impl.AddressServiceImpl - Address found for employee ID: 15
2024-08-22 14:06:41 [http-nio-8080-exec-30] INFO  com.wavemaker.employee.service.impl.EmployeeServiceImpl - Fetching employee with ID: 17
2024-08-22 14:06:41 [http-nio-8080-exec-30] WARN  com.wavemaker.employee.service.impl.EmployeeServiceImpl - No address found for employee ID: 17
2024-08-22 14:06:41 [http-nio-8080-exec-30] INFO  com.wavemaker.employee.service.impl.AddressServiceImpl - Adding new address for employee ID: 17
2024-08-22 14:06:42 [http-nio-8080-exec-30] INFO  com.wavemaker.employee.service.impl.AddressServiceImpl - Address added successfully: true
2024-08-22 14:09:58 [http-nio-8080-exec-34] INFO  com.wavemaker.employee.service.impl.AddressServiceImpl - Fetching address for employee ID: 10
2024-08-22 14:09:58 [http-nio-8080-exec-34] INFO  com.wavemaker.employee.service.impl.AddressServiceImpl - Address found for employee ID: 10
2024-08-22 14:09:58 [http-nio-8080-exec-34] INFO  com.wavemaker.employee.service.impl.AddressServiceImpl - Updating address for employee ID: 10
2024-08-22 14:09:58 [http-nio-8080-exec-34] INFO  com.wavemaker.employee.service.impl.AddressServiceImpl - Address updated successfully for employee ID: 10
2024-08-22 14:11:41 [http-nio-8080-exec-30] INFO  com.wavemaker.employee.service.impl.AddressServiceImpl - Fetching address for employee ID: 10
2024-08-22 14:11:41 [http-nio-8080-exec-30] INFO  com.wavemaker.employee.service.impl.AddressServiceImpl - Address found for employee ID: 10
2024-08-22 14:14:32 [http-nio-8080-exec-36] INFO  com.wavemaker.employee.service.impl.EmployeeServiceImpl - Initializing EmployeeServiceImpl with option: 3
2024-08-22 14:14:32 [http-nio-8080-exec-36] INFO  com.wavemaker.employee.service.impl.AddressServiceImpl - Initializing AddressServiceImpl with option: 3
2024-08-22 14:14:32 [http-nio-8080-exec-36] INFO  com.wavemaker.employee.controller.EmployeeServlet - Created EmployeeService and AddressService instances.
2024-08-22 14:14:32 [http-nio-8080-exec-36] INFO  com.wavemaker.employee.service.impl.EmployeeServiceImpl - Fetching employee with email: ashwini@gmail.com
2024-08-22 14:14:32 [http-nio-8080-exec-36] INFO  com.wavemaker.employee.service.impl.EmployeeServiceImpl - Address found and set for employee ID: 7
2024-08-22 14:14:49 [http-nio-8080-exec-38] INFO  com.wavemaker.employee.service.impl.EmployeeServiceImpl - Fetching employee with email: roopa@gmail.com
2024-08-22 14:14:49 [http-nio-8080-exec-38] WARN  com.wavemaker.employee.service.impl.EmployeeServiceImpl - No address found for employee ID: 3
2024-08-22 23:30:00 [http-nio-8080-exec-2] INFO  com.wavemaker.employee.service.impl.EmployeeServiceImpl - Initializing EmployeeServiceImpl with option: 3
2024-08-22 23:30:00 [http-nio-8080-exec-2] INFO  com.wavemaker.employee.service.impl.AddressServiceImpl - Initializing AddressServiceImpl with option: 3
2024-08-22 23:30:00 [http-nio-8080-exec-2] INFO  com.wavemaker.employee.controller.EmployeeServlet - Created EmployeeService and AddressService instances.
2024-08-22 23:30:02 [http-nio-8080-exec-2] INFO  com.wavemaker.employee.service.impl.EmployeeServiceImpl - Employee added successfully: 18
2024-08-22 23:30:02 [http-nio-8080-exec-2] INFO  com.wavemaker.employee.service.impl.EmployeeServiceImpl - Address added for employee ID: 0
2024-08-22 23:43:36 [http-nio-8080-exec-1] INFO  com.wavemaker.employee.service.impl.EmployeeServiceImpl - Initializing EmployeeServiceImpl with option: 3
2024-08-22 23:43:36 [http-nio-8080-exec-1] INFO  com.wavemaker.employee.service.impl.AddressServiceImpl - Initializing AddressServiceImpl with option: 3
2024-08-22 23:43:36 [http-nio-8080-exec-1] INFO  com.wavemaker.employee.controller.EmployeeServlet - Created EmployeeService and AddressService instances.
2024-08-22 23:43:36 [http-nio-8080-exec-1] INFO  com.wavemaker.employee.service.impl.EmployeeServiceImpl - Fetching employee with ID: 10
2024-08-22 23:43:38 [http-nio-8080-exec-1] INFO  com.wavemaker.employee.service.impl.EmployeeServiceImpl - Address found and set for employee ID: 10
2024-08-22 23:43:38 [http-nio-8080-exec-1] INFO  com.wavemaker.employee.service.impl.AddressServiceImpl - Fetching address for employee ID: 10
2024-08-22 23:43:38 [http-nio-8080-exec-1] INFO  com.wavemaker.employee.service.impl.AddressServiceImpl - Address found for employee ID: 10
2024-08-22 23:43:38 [http-nio-8080-exec-1] INFO  com.wavemaker.employee.service.impl.AddressServiceImpl - Updating address for employee ID: 10
2024-08-22 23:43:38 [http-nio-8080-exec-1] INFO  com.wavemaker.employee.service.impl.AddressServiceImpl - Address updated successfully for employee ID: 10
2024-08-22 23:43:38 [http-nio-8080-exec-1] INFO  com.wavemaker.employee.service.impl.EmployeeServiceImpl - Updating employee: com.wavemaker.employee.model.Employee@2f2421e1
2024-08-22 23:43:39 [http-nio-8080-exec-1] INFO  com.wavemaker.employee.service.impl.EmployeeServiceImpl - Address updated for employee ID: 10
2024-08-22 23:43:39 [http-nio-8080-exec-1] INFO  com.wavemaker.employee.service.impl.EmployeeServiceImpl - Employee updated successfully: true
2024-08-23 09:54:39 [http-nio-8080-exec-2] INFO  com.wavemaker.employee.service.impl.EmployeeServiceImpl - Initializing EmployeeServiceImpl with option: 3
2024-08-23 09:54:39 [http-nio-8080-exec-2] INFO  com.wavemaker.employee.service.impl.AddressServiceImpl - Initializing AddressServiceImpl with option: 3
2024-08-23 09:54:39 [http-nio-8080-exec-2] INFO  com.wavemaker.employee.controller.EmployeeServlet - Created EmployeeService and AddressService instances.
2024-08-23 09:54:39 [http-nio-8080-exec-2] INFO  com.wavemaker.employee.service.impl.EmployeeServiceImpl - Fetching employee with ID: 3
2024-08-23 09:54:41 [http-nio-8080-exec-2] WARN  com.wavemaker.employee.service.impl.EmployeeServiceImpl - No address found for employee ID: 3
2024-08-23 09:57:30 [http-nio-8080-exec-6] INFO  com.wavemaker.employee.service.impl.EmployeeServiceImpl - Employee added successfully: 19
2024-08-23 09:57:31 [http-nio-8080-exec-6] INFO  com.wavemaker.employee.service.impl.EmployeeServiceImpl - Address added for employee ID: 0
2024-08-23 09:58:37 [http-nio-8080-exec-9] INFO  com.wavemaker.employee.service.impl.EmployeeServiceImpl - Employee added successfully: 20
2024-08-23 09:58:37 [http-nio-8080-exec-9] INFO  com.wavemaker.employee.service.impl.EmployeeServiceImpl - Address added for employee ID: 0
2024-08-23 09:59:51 [http-nio-8080-exec-2] INFO  com.wavemaker.employee.service.impl.EmployeeServiceImpl - Fetching employee with ID: 19
2024-08-23 09:59:52 [http-nio-8080-exec-2] INFO  com.wavemaker.employee.service.impl.EmployeeServiceImpl - Address found and set for employee ID: 19
2024-08-23 09:59:52 [http-nio-8080-exec-2] INFO  com.wavemaker.employee.service.impl.EmployeeServiceImpl - Deleting employee: com.wavemaker.employee.model.Employee@823097c
2024-08-23 09:59:53 [http-nio-8080-exec-2] ERROR com.wavemaker.employee.repository.Impl.EmployeeRepositoryInDbImpl - Error deleting employee
java.sql.SQLIntegrityConstraintViolationException: Cannot delete or update a parent row: a foreign key constraint fails (`employeedatabase`.`address`, CONSTRAINT `address_ibfk_1` FOREIGN KEY (`EMP_ID`) REFERENCES `employee` (`EMP_ID`))
	at com.mysql.cj.jdbc.exceptions.SQLError.createSQLException(SQLError.java:109) ~[mysql-connector-j-9.0.0.jar:9.0.0]
	at com.mysql.cj.jdbc.exceptions.SQLExceptionsMapping.translateException(SQLExceptionsMapping.java:114) ~[mysql-connector-j-9.0.0.jar:9.0.0]
	at com.mysql.cj.jdbc.ClientPreparedStatement.executeInternal(ClientPreparedStatement.java:987) ~[mysql-connector-j-9.0.0.jar:9.0.0]
	at com.mysql.cj.jdbc.ClientPreparedStatement.executeUpdateInternal(ClientPreparedStatement.java:1165) ~[mysql-connector-j-9.0.0.jar:9.0.0]
	at com.mysql.cj.jdbc.ClientPreparedStatement.executeUpdateInternal(ClientPreparedStatement.java:1100) ~[mysql-connector-j-9.0.0.jar:9.0.0]
	at com.mysql.cj.jdbc.ClientPreparedStatement.executeLargeUpdate(ClientPreparedStatement.java:1466) ~[mysql-connector-j-9.0.0.jar:9.0.0]
	at com.mysql.cj.jdbc.ClientPreparedStatement.executeUpdate(ClientPreparedStatement.java:1083) ~[mysql-connector-j-9.0.0.jar:9.0.0]
	at com.wavemaker.employee.repository.Impl.EmployeeRepositoryInDbImpl.deleteEmployeeByEmpId(EmployeeRepositoryInDbImpl.java:110) ~[classes/:?]
	at com.wavemaker.employee.service.impl.EmployeeServiceImpl.deleteEmployeeByEmpId(EmployeeServiceImpl.java:95) ~[classes/:?]
	at com.wavemaker.employee.controller.EmployeeServlet.doDelete(EmployeeServlet.java:72) ~[classes/:?]
	at jakarta.servlet.http.HttpServlet.service(HttpServlet.java:596) ~[servlet-api.jar:6.0]
	at jakarta.servlet.http.HttpServlet.service(HttpServlet.java:658) ~[servlet-api.jar:6.0]
	at org.apache.catalina.core.ApplicationFilterChain.internalDoFilter(ApplicationFilterChain.java:195) ~[catalina.jar:10.1.28]
	at org.apache.catalina.core.ApplicationFilterChain.doFilter(ApplicationFilterChain.java:140) ~[catalina.jar:10.1.28]
	at org.apache.tomcat.websocket.server.WsFilter.doFilter(WsFilter.java:51) ~[tomcat-websocket.jar:10.1.28]
	at org.apache.catalina.core.ApplicationFilterChain.internalDoFilter(ApplicationFilterChain.java:164) ~[catalina.jar:10.1.28]
	at org.apache.catalina.core.ApplicationFilterChain.doFilter(ApplicationFilterChain.java:140) ~[catalina.jar:10.1.28]
	at org.apache.catalina.core.StandardWrapperValve.invoke(StandardWrapperValve.java:167) ~[catalina.jar:10.1.28]
	at org.apache.catalina.core.StandardContextValve.invoke(StandardContextValve.java:90) ~[catalina.jar:10.1.28]
	at org.apache.catalina.authenticator.AuthenticatorBase.invoke(AuthenticatorBase.java:483) ~[catalina.jar:10.1.28]
	at org.apache.catalina.core.StandardHostValve.invoke(StandardHostValve.java:115) ~[catalina.jar:10.1.28]
	at org.apache.catalina.valves.ErrorReportValve.invoke(ErrorReportValve.java:93) ~[catalina.jar:10.1.28]
	at org.apache.catalina.valves.AbstractAccessLogValve.invoke(AbstractAccessLogValve.java:663) ~[catalina.jar:10.1.28]
	at org.apache.catalina.core.StandardEngineValve.invoke(StandardEngineValve.java:74) ~[catalina.jar:10.1.28]
	at org.apache.catalina.connector.CoyoteAdapter.service(CoyoteAdapter.java:344) ~[catalina.jar:10.1.28]
	at org.apache.coyote.http11.Http11Processor.service(Http11Processor.java:384) ~[tomcat-coyote.jar:10.1.28]
	at org.apache.coyote.AbstractProcessorLight.process(AbstractProcessorLight.java:63) ~[tomcat-coyote.jar:10.1.28]
	at org.apache.coyote.AbstractProtocol$ConnectionHandler.process(AbstractProtocol.java:904) ~[tomcat-coyote.jar:10.1.28]
	at org.apache.tomcat.util.net.NioEndpoint$SocketProcessor.doRun(NioEndpoint.java:1741) ~[tomcat-coyote.jar:10.1.28]
	at org.apache.tomcat.util.net.SocketProcessorBase.run(SocketProcessorBase.java:52) ~[tomcat-coyote.jar:10.1.28]
	at org.apache.tomcat.util.threads.ThreadPoolExecutor.runWorker(ThreadPoolExecutor.java:1190) ~[tomcat-util.jar:10.1.28]
	at org.apache.tomcat.util.threads.ThreadPoolExecutor$Worker.run(ThreadPoolExecutor.java:659) ~[tomcat-util.jar:10.1.28]
	at org.apache.tomcat.util.threads.TaskThread$WrappingRunnable.run(TaskThread.java:63) ~[tomcat-util.jar:10.1.28]
	at java.base/java.lang.Thread.run(Thread.java:1583) [?:?]
2024-08-23 09:59:53 [http-nio-8080-exec-2] INFO  com.wavemaker.employee.service.impl.EmployeeServiceImpl - Employee deleted successfully: false
2024-08-23 10:00:02 [http-nio-8080-exec-4] INFO  com.wavemaker.employee.service.impl.EmployeeServiceImpl - Fetching employee with ID: 20
2024-08-23 10:00:02 [http-nio-8080-exec-4] INFO  com.wavemaker.employee.service.impl.EmployeeServiceImpl - Address found and set for employee ID: 20
2024-08-23 10:00:02 [http-nio-8080-exec-4] INFO  com.wavemaker.employee.service.impl.EmployeeServiceImpl - Deleting employee: com.wavemaker.employee.model.Employee@72f7f8df
2024-08-23 10:00:02 [http-nio-8080-exec-4] ERROR com.wavemaker.employee.repository.Impl.EmployeeRepositoryInDbImpl - Error deleting employee
java.sql.SQLIntegrityConstraintViolationException: Cannot delete or update a parent row: a foreign key constraint fails (`employeedatabase`.`address`, CONSTRAINT `address_ibfk_1` FOREIGN KEY (`EMP_ID`) REFERENCES `employee` (`EMP_ID`))
	at com.mysql.cj.jdbc.exceptions.SQLError.createSQLException(SQLError.java:109) ~[mysql-connector-j-9.0.0.jar:9.0.0]
	at com.mysql.cj.jdbc.exceptions.SQLExceptionsMapping.translateException(SQLExceptionsMapping.java:114) ~[mysql-connector-j-9.0.0.jar:9.0.0]
	at com.mysql.cj.jdbc.ClientPreparedStatement.executeInternal(ClientPreparedStatement.java:987) ~[mysql-connector-j-9.0.0.jar:9.0.0]
	at com.mysql.cj.jdbc.ClientPreparedStatement.executeUpdateInternal(ClientPreparedStatement.java:1165) ~[mysql-connector-j-9.0.0.jar:9.0.0]
	at com.mysql.cj.jdbc.ClientPreparedStatement.executeUpdateInternal(ClientPreparedStatement.java:1100) ~[mysql-connector-j-9.0.0.jar:9.0.0]
	at com.mysql.cj.jdbc.ClientPreparedStatement.executeLargeUpdate(ClientPreparedStatement.java:1466) ~[mysql-connector-j-9.0.0.jar:9.0.0]
	at com.mysql.cj.jdbc.ClientPreparedStatement.executeUpdate(ClientPreparedStatement.java:1083) ~[mysql-connector-j-9.0.0.jar:9.0.0]
	at com.wavemaker.employee.repository.Impl.EmployeeRepositoryInDbImpl.deleteEmployeeByEmpId(EmployeeRepositoryInDbImpl.java:110) ~[classes/:?]
	at com.wavemaker.employee.service.impl.EmployeeServiceImpl.deleteEmployeeByEmpId(EmployeeServiceImpl.java:95) ~[classes/:?]
	at com.wavemaker.employee.controller.EmployeeServlet.doDelete(EmployeeServlet.java:72) ~[classes/:?]
	at jakarta.servlet.http.HttpServlet.service(HttpServlet.java:596) ~[servlet-api.jar:6.0]
	at jakarta.servlet.http.HttpServlet.service(HttpServlet.java:658) ~[servlet-api.jar:6.0]
	at org.apache.catalina.core.ApplicationFilterChain.internalDoFilter(ApplicationFilterChain.java:195) ~[catalina.jar:10.1.28]
	at org.apache.catalina.core.ApplicationFilterChain.doFilter(ApplicationFilterChain.java:140) ~[catalina.jar:10.1.28]
	at org.apache.tomcat.websocket.server.WsFilter.doFilter(WsFilter.java:51) ~[tomcat-websocket.jar:10.1.28]
	at org.apache.catalina.core.ApplicationFilterChain.internalDoFilter(ApplicationFilterChain.java:164) ~[catalina.jar:10.1.28]
	at org.apache.catalina.core.ApplicationFilterChain.doFilter(ApplicationFilterChain.java:140) ~[catalina.jar:10.1.28]
	at org.apache.catalina.core.StandardWrapperValve.invoke(StandardWrapperValve.java:167) ~[catalina.jar:10.1.28]
	at org.apache.catalina.core.StandardContextValve.invoke(StandardContextValve.java:90) ~[catalina.jar:10.1.28]
	at org.apache.catalina.authenticator.AuthenticatorBase.invoke(AuthenticatorBase.java:483) ~[catalina.jar:10.1.28]
	at org.apache.catalina.core.StandardHostValve.invoke(StandardHostValve.java:115) ~[catalina.jar:10.1.28]
	at org.apache.catalina.valves.ErrorReportValve.invoke(ErrorReportValve.java:93) ~[catalina.jar:10.1.28]
	at org.apache.catalina.valves.AbstractAccessLogValve.invoke(AbstractAccessLogValve.java:663) ~[catalina.jar:10.1.28]
	at org.apache.catalina.core.StandardEngineValve.invoke(StandardEngineValve.java:74) ~[catalina.jar:10.1.28]
	at org.apache.catalina.connector.CoyoteAdapter.service(CoyoteAdapter.java:344) ~[catalina.jar:10.1.28]
	at org.apache.coyote.http11.Http11Processor.service(Http11Processor.java:384) ~[tomcat-coyote.jar:10.1.28]
	at org.apache.coyote.AbstractProcessorLight.process(AbstractProcessorLight.java:63) ~[tomcat-coyote.jar:10.1.28]
	at org.apache.coyote.AbstractProtocol$ConnectionHandler.process(AbstractProtocol.java:904) ~[tomcat-coyote.jar:10.1.28]
	at org.apache.tomcat.util.net.NioEndpoint$SocketProcessor.doRun(NioEndpoint.java:1741) ~[tomcat-coyote.jar:10.1.28]
	at org.apache.tomcat.util.net.SocketProcessorBase.run(SocketProcessorBase.java:52) ~[tomcat-coyote.jar:10.1.28]
	at org.apache.tomcat.util.threads.ThreadPoolExecutor.runWorker(ThreadPoolExecutor.java:1190) ~[tomcat-util.jar:10.1.28]
	at org.apache.tomcat.util.threads.ThreadPoolExecutor$Worker.run(ThreadPoolExecutor.java:659) ~[tomcat-util.jar:10.1.28]
	at org.apache.tomcat.util.threads.TaskThread$WrappingRunnable.run(TaskThread.java:63) ~[tomcat-util.jar:10.1.28]
	at java.base/java.lang.Thread.run(Thread.java:1583) [?:?]
2024-08-23 10:00:02 [http-nio-8080-exec-4] INFO  com.wavemaker.employee.service.impl.EmployeeServiceImpl - Employee deleted successfully: false
2024-08-23 10:00:37 [http-nio-8080-exec-6] INFO  com.wavemaker.employee.service.impl.EmployeeServiceImpl - Initializing EmployeeServiceImpl with option: 3
2024-08-23 10:00:37 [http-nio-8080-exec-6] INFO  com.wavemaker.employee.service.impl.AddressServiceImpl - Initializing AddressServiceImpl with option: 3
2024-08-23 10:00:37 [http-nio-8080-exec-6] INFO  com.wavemaker.employee.controller.AddressController - Created EmployeeService and AddressService instances.
2024-08-23 10:00:37 [http-nio-8080-exec-6] INFO  com.wavemaker.employee.service.impl.AddressServiceImpl - Fetching address for employee ID: 20
2024-08-23 10:00:37 [http-nio-8080-exec-6] INFO  com.wavemaker.employee.service.impl.AddressServiceImpl - Address found for employee ID: 20
2024-08-23 10:00:37 [http-nio-8080-exec-6] INFO  com.wavemaker.employee.service.impl.AddressServiceImpl - Deleting address for employee ID: 20
2024-08-23 10:00:37 [http-nio-8080-exec-6] INFO  com.wavemaker.employee.service.impl.AddressServiceImpl - Address deleted successfully for employee ID: 20
2024-08-23 10:00:51 [http-nio-8080-exec-8] INFO  com.wavemaker.employee.service.impl.EmployeeServiceImpl - Fetching employee with ID: 20
2024-08-23 10:00:51 [http-nio-8080-exec-8] WARN  com.wavemaker.employee.service.impl.EmployeeServiceImpl - No address found for employee ID: 20
2024-08-23 10:00:51 [http-nio-8080-exec-8] INFO  com.wavemaker.employee.service.impl.EmployeeServiceImpl - Deleting employee: com.wavemaker.employee.model.Employee@9f6f960
2024-08-23 10:00:51 [http-nio-8080-exec-8] INFO  com.wavemaker.employee.service.impl.EmployeeServiceImpl - Employee deleted successfully: true
2024-08-23 10:03:32 [http-nio-8080-exec-1] INFO  com.wavemaker.employee.service.impl.EmployeeServiceImpl - Employee added successfully: 21
2024-08-23 10:03:33 [http-nio-8080-exec-1] INFO  com.wavemaker.employee.service.impl.EmployeeServiceImpl - Address added for employee ID: 0
2024-08-23 11:56:22 [http-nio-8080-exec-1] INFO  com.wavemaker.employee.service.impl.EmployeeServiceImpl - Initializing EmployeeServiceImpl with option: 3
2024-08-23 11:56:22 [http-nio-8080-exec-1] INFO  com.wavemaker.employee.service.impl.AddressServiceImpl - Initializing AddressServiceImpl with option: 3
2024-08-23 11:56:22 [http-nio-8080-exec-1] INFO  com.wavemaker.employee.controller.AddressController - Created EmployeeService and AddressService instances.
2024-08-23 11:56:23 [http-nio-8080-exec-1] INFO  com.wavemaker.employee.service.impl.EmployeeServiceImpl - Fetching employee with ID: 3
2024-08-23 11:56:25 [http-nio-8080-exec-1] WARN  com.wavemaker.employee.service.impl.EmployeeServiceImpl - No address found for employee ID: 3
2024-08-23 11:56:25 [http-nio-8080-exec-1] INFO  com.wavemaker.employee.service.impl.AddressServiceImpl - Adding new address for employee ID: 3
2024-08-23 11:56:25 [http-nio-8080-exec-1] INFO  com.wavemaker.employee.service.impl.AddressServiceImpl - Address added successfully: true
2024-08-23 11:58:19 [http-nio-8080-exec-5] INFO  com.wavemaker.employee.service.impl.AddressServiceImpl - Fetching address for employee ID: 19
2024-08-23 11:58:20 [http-nio-8080-exec-5] INFO  com.wavemaker.employee.service.impl.AddressServiceImpl - Address found for employee ID: 19
2024-08-23 11:58:20 [http-nio-8080-exec-5] INFO  com.wavemaker.employee.service.impl.AddressServiceImpl - Deleting address for employee ID: 19
2024-08-23 11:58:20 [http-nio-8080-exec-5] INFO  com.wavemaker.employee.service.impl.AddressServiceImpl - Address deleted successfully for employee ID: 19
2024-08-23 12:38:15 [http-nio-8080-exec-5] ERROR com.wavemaker.employee.repository.Impl.UserAuthenticationRepositoryImpl - Error adding employee
java.sql.SQLException: Can not issue executeUpdate() or executeLargeUpdate() with statements that produce result sets
	at com.mysql.cj.jdbc.exceptions.SQLError.createSQLException(SQLError.java:121) ~[mysql-connector-j-9.0.0.jar:9.0.0]
	at com.mysql.cj.jdbc.exceptions.SQLError.createSQLException(SQLError.java:89) ~[mysql-connector-j-9.0.0.jar:9.0.0]
	at com.mysql.cj.jdbc.exceptions.SQLError.createSQLException(SQLError.java:81) ~[mysql-connector-j-9.0.0.jar:9.0.0]
	at com.mysql.cj.jdbc.exceptions.SQLError.createSQLException(SQLError.java:55) ~[mysql-connector-j-9.0.0.jar:9.0.0]
	at com.mysql.cj.jdbc.ClientPreparedStatement.executeUpdateInternal(ClientPreparedStatement.java:1142) ~[mysql-connector-j-9.0.0.jar:9.0.0]
	at com.mysql.cj.jdbc.ClientPreparedStatement.executeUpdateInternal(ClientPreparedStatement.java:1100) ~[mysql-connector-j-9.0.0.jar:9.0.0]
	at com.mysql.cj.jdbc.ClientPreparedStatement.executeLargeUpdate(ClientPreparedStatement.java:1466) ~[mysql-connector-j-9.0.0.jar:9.0.0]
	at com.mysql.cj.jdbc.ClientPreparedStatement.executeUpdate(ClientPreparedStatement.java:1083) ~[mysql-connector-j-9.0.0.jar:9.0.0]
	at com.wavemaker.employee.repository.Impl.UserAuthenticationRepositoryImpl.getUserByUsername(UserAuthenticationRepositoryImpl.java:26) ~[classes/:?]
	at com.wavemaker.employee.service.impl.UserAuthenticationServiceImpl.getUserByUsername(UserAuthenticationServiceImpl.java:17) ~[classes/:?]
	at com.wavemaker.employee.login.UserLoginServlet.doPost(UserLoginServlet.java:41) ~[classes/:?]
	at jakarta.servlet.http.HttpServlet.service(HttpServlet.java:590) ~[servlet-api.jar:6.0]
	at jakarta.servlet.http.HttpServlet.service(HttpServlet.java:658) ~[servlet-api.jar:6.0]
	at org.apache.catalina.core.ApplicationFilterChain.internalDoFilter(ApplicationFilterChain.java:195) ~[catalina.jar:10.1.28]
	at org.apache.catalina.core.ApplicationFilterChain.doFilter(ApplicationFilterChain.java:140) ~[catalina.jar:10.1.28]
	at org.apache.tomcat.websocket.server.WsFilter.doFilter(WsFilter.java:51) ~[tomcat-websocket.jar:10.1.28]
	at org.apache.catalina.core.ApplicationFilterChain.internalDoFilter(ApplicationFilterChain.java:164) ~[catalina.jar:10.1.28]
	at org.apache.catalina.core.ApplicationFilterChain.doFilter(ApplicationFilterChain.java:140) ~[catalina.jar:10.1.28]
	at org.apache.catalina.core.StandardWrapperValve.invoke(StandardWrapperValve.java:167) ~[catalina.jar:10.1.28]
	at org.apache.catalina.core.StandardContextValve.invoke(StandardContextValve.java:90) ~[catalina.jar:10.1.28]
	at org.apache.catalina.authenticator.AuthenticatorBase.invoke(AuthenticatorBase.java:483) ~[catalina.jar:10.1.28]
	at org.apache.catalina.core.StandardHostValve.invoke(StandardHostValve.java:115) ~[catalina.jar:10.1.28]
	at org.apache.catalina.valves.ErrorReportValve.invoke(ErrorReportValve.java:93) ~[catalina.jar:10.1.28]
	at org.apache.catalina.valves.AbstractAccessLogValve.invoke(AbstractAccessLogValve.java:663) ~[catalina.jar:10.1.28]
	at org.apache.catalina.core.StandardEngineValve.invoke(StandardEngineValve.java:74) ~[catalina.jar:10.1.28]
	at org.apache.catalina.connector.CoyoteAdapter.service(CoyoteAdapter.java:344) ~[catalina.jar:10.1.28]
	at org.apache.coyote.http11.Http11Processor.service(Http11Processor.java:384) ~[tomcat-coyote.jar:10.1.28]
	at org.apache.coyote.AbstractProcessorLight.process(AbstractProcessorLight.java:63) ~[tomcat-coyote.jar:10.1.28]
	at org.apache.coyote.AbstractProtocol$ConnectionHandler.process(AbstractProtocol.java:904) ~[tomcat-coyote.jar:10.1.28]
	at org.apache.tomcat.util.net.NioEndpoint$SocketProcessor.doRun(NioEndpoint.java:1741) ~[tomcat-coyote.jar:10.1.28]
	at org.apache.tomcat.util.net.SocketProcessorBase.run(SocketProcessorBase.java:52) ~[tomcat-coyote.jar:10.1.28]
	at org.apache.tomcat.util.threads.ThreadPoolExecutor.runWorker(ThreadPoolExecutor.java:1190) ~[tomcat-util.jar:10.1.28]
	at org.apache.tomcat.util.threads.ThreadPoolExecutor$Worker.run(ThreadPoolExecutor.java:659) ~[tomcat-util.jar:10.1.28]
	at org.apache.tomcat.util.threads.TaskThread$WrappingRunnable.run(TaskThread.java:63) ~[tomcat-util.jar:10.1.28]
	at java.base/java.lang.Thread.run(Thread.java:1583) [?:?]
2024-08-23 14:30:00 [http-nio-8080-exec-2] INFO  com.wavemaker.employee.service.impl.EmployeeServiceImpl - Initializing EmployeeServiceImpl with option: 3
2024-08-23 14:30:00 [http-nio-8080-exec-2] INFO  com.wavemaker.employee.service.impl.AddressServiceImpl - Initializing AddressServiceImpl with option: 3
2024-08-23 14:30:01 [http-nio-8080-exec-2] INFO  com.wavemaker.employee.controller.EmployeeServlet - Created EmployeeService and AddressService instances.
2024-08-23 14:31:33 [http-nio-8080-exec-1] INFO  com.wavemaker.employee.service.impl.EmployeeServiceImpl - Initializing EmployeeServiceImpl with option: 3
2024-08-23 14:31:33 [http-nio-8080-exec-1] INFO  com.wavemaker.employee.service.impl.AddressServiceImpl - Initializing AddressServiceImpl with option: 3
2024-08-23 14:31:33 [http-nio-8080-exec-1] INFO  com.wavemaker.employee.controller.EmployeeServlet - Created EmployeeService and AddressService instances.
2024-08-23 14:35:48 [http-nio-8080-exec-3] INFO  com.wavemaker.employee.service.impl.EmployeeServiceImpl - Initializing EmployeeServiceImpl with option: 3
2024-08-23 14:35:48 [http-nio-8080-exec-3] INFO  com.wavemaker.employee.service.impl.AddressServiceImpl - Initializing AddressServiceImpl with option: 3
2024-08-23 14:35:48 [http-nio-8080-exec-3] INFO  com.wavemaker.employee.controller.EmployeeServlet - Created EmployeeService and AddressService instances.
2024-08-23 14:37:13 [http-nio-8080-exec-3] INFO  com.wavemaker.employee.service.impl.EmployeeServiceImpl - Employee added successfully: 22
2024-08-23 14:37:13 [http-nio-8080-exec-3] INFO  com.wavemaker.employee.service.impl.EmployeeServiceImpl - Address added for employee ID: 0
2024-08-23 14:39:28 [http-nio-8080-exec-1] INFO  com.wavemaker.employee.service.impl.EmployeeServiceImpl - Initializing EmployeeServiceImpl with option: 3
2024-08-23 14:39:28 [http-nio-8080-exec-1] INFO  com.wavemaker.employee.service.impl.AddressServiceImpl - Initializing AddressServiceImpl with option: 3
2024-08-23 14:39:28 [http-nio-8080-exec-1] INFO  com.wavemaker.employee.controller.EmployeeServlet - Created EmployeeService and AddressService instances.
2024-08-23 14:39:46 [http-nio-8080-exec-4] INFO  com.wavemaker.employee.service.impl.EmployeeServiceImpl - Employee added successfully: 23
2024-08-23 14:39:46 [http-nio-8080-exec-4] INFO  com.wavemaker.employee.service.impl.EmployeeServiceImpl - Address added for employee ID: 0
2024-08-23 14:44:20 [http-nio-8080-exec-5] INFO  com.wavemaker.employee.service.impl.EmployeeServiceImpl - Initializing EmployeeServiceImpl with option: 3
2024-08-23 14:44:20 [http-nio-8080-exec-5] INFO  com.wavemaker.employee.service.impl.AddressServiceImpl - Initializing AddressServiceImpl with option: 3
2024-08-23 14:44:20 [http-nio-8080-exec-5] INFO  com.wavemaker.employee.controller.EmployeeServlet - Created EmployeeService and AddressService instances.
2024-08-23 14:44:20 [http-nio-8080-exec-5] INFO  com.wavemaker.employee.service.impl.EmployeeServiceImpl - Fetching employee with ID: 9
2024-08-23 14:44:20 [http-nio-8080-exec-5] WARN  com.wavemaker.employee.service.impl.EmployeeServiceImpl - No address found for employee ID: 9
2024-08-23 14:44:20 [http-nio-8080-exec-5] INFO  com.wavemaker.employee.service.impl.EmployeeServiceImpl - Deleting employee: com.wavemaker.employee.model.Employee@2ba81abb
2024-08-23 14:44:20 [http-nio-8080-exec-5] INFO  com.wavemaker.employee.service.impl.EmployeeServiceImpl - Employee deleted successfully: true
2024-08-23 14:44:56 [http-nio-8080-exec-9] INFO  com.wavemaker.employee.service.impl.EmployeeServiceImpl - Employee added successfully: 24
2024-08-23 14:44:56 [http-nio-8080-exec-9] INFO  com.wavemaker.employee.service.impl.EmployeeServiceImpl - Address added for employee ID: 0
2024-08-23 14:45:42 [http-nio-8080-exec-3] INFO  com.wavemaker.employee.service.impl.EmployeeServiceImpl - Employee added successfully: 25
2024-08-23 14:45:42 [http-nio-8080-exec-3] INFO  com.wavemaker.employee.service.impl.EmployeeServiceImpl - Address added for employee ID: 0
2024-08-23 15:01:44 [http-nio-8080-exec-1] INFO  com.wavemaker.employee.service.impl.EmployeeServiceImpl - Initializing EmployeeServiceImpl with option: 3
2024-08-23 15:01:44 [http-nio-8080-exec-1] INFO  com.wavemaker.employee.service.impl.AddressServiceImpl - Initializing AddressServiceImpl with option: 3
2024-08-23 15:01:45 [http-nio-8080-exec-1] INFO  com.wavemaker.employee.controller.EmployeeServlet - Created EmployeeService and AddressService instances.
2024-08-23 15:03:33 [http-nio-8080-exec-4] INFO  com.wavemaker.employee.service.impl.EmployeeServiceImpl - Initializing EmployeeServiceImpl with option: 3
2024-08-23 15:03:33 [http-nio-8080-exec-4] INFO  com.wavemaker.employee.service.impl.AddressServiceImpl - Initializing AddressServiceImpl with option: 3
2024-08-23 15:03:33 [http-nio-8080-exec-4] INFO  com.wavemaker.employee.controller.AddressController - Created EmployeeService and AddressService instances.
2024-08-23 15:06:05 [http-nio-8080-exec-10] INFO  com.wavemaker.employee.service.impl.AddressServiceImpl - Fetching address for employee ID: 21
2024-08-23 15:06:05 [http-nio-8080-exec-10] INFO  com.wavemaker.employee.service.impl.AddressServiceImpl - Address found for employee ID: 21
2024-08-23 15:06:05 [http-nio-8080-exec-10] INFO  com.wavemaker.employee.service.impl.AddressServiceImpl - Deleting address for employee ID: 21
2024-08-23 15:06:05 [http-nio-8080-exec-10] INFO  com.wavemaker.employee.service.impl.AddressServiceImpl - Address deleted successfully for employee ID: 21
2024-08-23 15:06:11 [http-nio-8080-exec-2] INFO  com.wavemaker.employee.service.impl.EmployeeServiceImpl - Fetching employee with ID: 3
2024-08-23 15:06:11 [http-nio-8080-exec-2] INFO  com.wavemaker.employee.service.impl.EmployeeServiceImpl - Address found and set for employee ID: 3
2024-08-23 15:07:41 [http-nio-8080-exec-4] INFO  com.wavemaker.employee.service.impl.AddressServiceImpl - Fetching address for employee ID: 10
2024-08-23 15:07:41 [http-nio-8080-exec-4] INFO  com.wavemaker.employee.service.impl.AddressServiceImpl - Address found for employee ID: 10
2024-08-23 15:07:41 [http-nio-8080-exec-4] INFO  com.wavemaker.employee.service.impl.AddressServiceImpl - Updating address for employee ID: 10
2024-08-23 15:07:41 [http-nio-8080-exec-4] INFO  com.wavemaker.employee.service.impl.AddressServiceImpl - Address updated successfully for employee ID: 10
